<?xml version="1.0" encoding="utf-8"?>
<ebicsResponse xmlns="http://www.ebics.org/H003" Revision="1" Version="H003">
  <header authenticate="true">
    <static>
      <TransactionID>DD85DCE9DD8442B3DA74A2C174BEACE3</TransactionID>
      <NumSegments>1</NumSegments>
    </static>
    <mutable>
      <TransactionPhase>Initialisation</TransactionPhase>
      <SegmentNumber lastSegment="true">1</SegmentNumber>
      <ReturnCode>000000</ReturnCode>
      <ReportText>[EBICS_OK] OK</ReportText>
    </mutable>
  </header>
  <AuthSignature xmlns:ds="http://www.w3.org/2000/09/xmldsig#">
    <ds:SignedInfo>
      <ds:CanonicalizationMethod Algorithm="http://www.w3.org/TR/2001/REC-xml-c14n-20010315"/>
      <ds:SignatureMethod Algorithm="http://www.w3.org/2001/04/xmldsig-more#rsa-sha256"/>
      <ds:Reference URI="#xpointer(//*[@authenticate='true'])">
        <ds:Transforms>
          <ds:Transform Algorithm="http://www.w3.org/TR/2001/REC-xml-c14n-20010315"/>
        </ds:Transforms>
        <ds:DigestMethod Algorithm="http://www.w3.org/2001/04/xmlenc#sha256"/>
        <ds:DigestValue>mROGjwKT2yG4t+xjNrqmPyDSqh6TLOcbmW6sh75juik=</ds:DigestValue>
      </ds:Reference>
    </ds:SignedInfo>
    <ds:SignatureValue>gO5cVQ8LsS7VvXW/6YGpgE4573ieLrcQy4/+M0WLffQXrsw5LlYnUbGNfFF9tC66POAT/gSoKZuba/UTAs7nIJcsUXJi+MqlAyVPVsR2FI7bYBBx1J21XVBPMp0OXebrfRB/sLLOVhi6jwmueepjlUV/AQ/uPTpovU2mI3x1EJzP935+h0Yh8CA8LmrhbqY5wS3a3yPu8bf7Zsyv8JS2zNglbkhtGr3FiZ6q8Xe+Zdmz/tXuTOxodlNh6TU32Ie7QWQ3mP4dO2GB9i2COU857pE0r/2dp00OlaMEDny1N38hjT+ECZiFodAZdIJyY9kdydrBkXziHWU4WvY5pQvusw==</ds:SignatureValue>
  </AuthSignature>
  <body>
    <DataTransfer>
      <DataEncryptionInfo authenticate="true">
        <EncryptionPubKeyDigest Algorithm="http://www.w3.org/2001/04/xmlenc#sha256" Version="E002">iHehyz6aY84DY6T3ubzm0k/RfvbENVc3yHX8EUm7WdU=</EncryptionPubKeyDigest>
        <TransactionKey>HdVdYvZp/5pE4brCME0fcsEJNNrMuvgAD3Um09uQSWcP4KJK6BU3ZnOTvkboS7qJl2s9uEA7c5l24Qm1rB3WuE2vk900LE6ios2eMuMfCUeD8emIDKARQSQccl2Ae9E0Na9GzA8jq36MyjHM5VSp/raedzRpjfyDhLqV9v8Ih4mHIpfY+vZdQAuwYochGcR9AvTBVrCfVhd3aP/T1IaTjiZtQ+nzPsRJD0VwaMTY+nhQ+49pCS2ZuUIhHaKC/frqCdXRPO5hct/zi9BrTPR4U0rCH/WvAQawoSIJwTqjXDJmbb7J6XZ9KAfzkDqUBLnn53QLezw+KLVDwz5/7R2QeA==</TransactionKey>
      </DataEncryptionInfo>
      <OrderData>X3Jfk6TNMyhs0ZNWfykVXG4g9sdOvvew+b0Tdhg+XVd2H4V1fL5Su4nFyJWRdiPjkBwrD+z8v71JgcYqvDcDGNLe7RXoFsk4cnnft50LR31JFMLKYWSDoarOofg7VbmjZDJEU9/BrKTjyo8be2iD8joOEVTtI5BwR8g0/lY8gC15LXS3q+X8jE8wYY0TwSQsN1z6mm3ruPhchbnU6NTHPs4gGG0IjcbxdnbT99j1qRDh0Bc1DRHvWRUed1htzVNRz+Rh3LqCMWZ+eG+yU7OWqeA5Iiih8k31iFQfjrG/0Y3C9NZq87Wt7X0zgK5mlBePXt6SR481jB46CPNqQGZiRBzaopb/qOWcrhf3LDcyHwLP3qMVgGjpsaJz7vgM4Wp0JGwgo3BQI9XiZboGaiTdXPT2QBFJl//lh/Eb6tF3MktklXl+8S1f1nMN65ar+lh0VPyu7BKYDK1+dTVtCLDiLylnH9N+x9rb3UUCgiqzUo4Tt3l0Qv8h3kEtpUR/h3JRG0+xOh+H3WDwh68tiO+uLBWZc0Y/M8pLNyKEH8WD8BYyKhDP4fnF6MAf/ToXyXgiggA6ZZzJU8UyipEVUqo7T5oHJXkyph1/EmTijNd1mGmvPZXSiFPwnFlri991HbuzJN5ACaP8t48j9DeDq79WqbcktNYM3GWllRF9/2NEApTd7NP/XTFsrehS6ArRfeZT0090+zfeeENvS5HlGyD4xe/pggOwJ4euCi+QN5aAQLORcf5CZxFaGH7McBVXXKcVFeEcgHuLznX2lgU3elsVgpbJRgGF4WXghFJu8Ppt2Qwi8T4UI/6ObxZtMvQHo2O7wR+Dl/JGGSWAPAeSqk5Pd53qCcUS0VOXH023SfsNMaNPYp+0WmrssN+wGTe6Rt56iuNqtkdOroUkN3vZeS/r3S0nUnXnBvp5zls8pUb9eLV1VzwECu9gv6qjkAQtcY7qdqB2uTPj8CsZSne1jpDCGeyIxe+K7g0QpgdCc4UCg9h+KDeQyS0uKPLvqIMVHwOnlhDmfN2om+DloABaRrhemg0adZ9VVygJXuaz2UoI7TV406DgOHrJ5Be9Lfn1x4Jyp/0K4WJ4HfPB7jYM7BJrrvNszyb+m/FNoK6xcuXbIRnOgQ9sB29Ka1DEDTkOAQG6TduJ4tj2BBhmF6QD/X//kxBbFdKc1ebzc2D1iB/vYUQtiJO8s6JBpG7NIRFfFSfMky5a8rc7ESWaQArZOD4BepDC+WnvM/FZRJpyagjaH8GGZQvRy63mvE26bXcGTzXviSnFV2vZG36c3TDxbl6IQZvuPVVxztQxI6pm9R+u9XjAwMzggRSJxgu1a+mJIOJ3lGiCGejvDaR4sdR1/wqc+x9EH/ygqKPcJu4XKkUNw5ugWiFHiKT3xGUTFJ1S374Ak/keWlTdQZRVKf7Q4/JdSA/5OgZNDqrJ6GpX4WxmM8mGVKSfjrSW6Gubp3FSJ26qLPcZKbjdmehTAZWTxEvHdsIBk39+iG+yRMEVxpstV7sUuYlse4gC60bXWdvDpXr+g/t5p5uL81xorcULSyh+on+N4SNN1VHamip7/+xq6ssid+AT0S9Hc1fHp5Jtj92+bKSPr8KnGVpLMHop94kCbUE+miFkM4VMVFXdzsoVnxbJNqNyZWRyMQ0L+kB8TDuRiDrpzVpY3XK0kBP+AifJ78r9Eijrv2kPJ0Jaj8jjpTe8Fs+ZG4w/tpBCPeUC0qDXUn9PKGGcsx2LLSiPfiY3ikaOz4e9fxgGXI1mZDWELLXGcOedVDr7MU/AcoBhWyPZqix0Zf7pPiXfn2pyJiYPVsDZzdlxpbQ8cYR4gdlbrr91I8gwa5cHmxTjIuMF+kec0+XHOsu8WnaCR71iG8Mar6wdLq9FmDe4mdub/EtCIf8siFc/o+O3KlyFSUMvyMLKQN7H41dNx3WEAYbmrX5B6hSaRl4fyZAR0UpOJaYa6mvPzaUA5pAKlqRxKuQzBp35fze758El/zJ2b0tkiaTX638Nj2DoMpHPFGcumG6nkW7xLPOlPfFHJMhGlt2ltt/xOwhwdYS/dfeigSD/hth3jMXE3moCckdvnowO/17fD2O5+vi54cpQkFoekc8wNv/8QpfN2uHddSrxEYl6bwfPGhPlXDRrkxvya3nF5d6cmEUotBshi3SkE/PBonxtvnZhL8krorJSaarleHpekztH8oqWYQ78ndFgQbZJpzIm/x6Z78E/nozkGXoh9hJkjrL7FvjA0JvoFfjsWsXbdLOKH6++5hmFuic3Ji+TWZ76meBxPOxITfUSlrA+8s1SLxz9HBvCh9dWKRNg13TGPxmCDb5IctTk3JvCRonb9reCLA/RGOKhcStOSfCPUXHUG601lxgrDHMmmglrnheupuWuDGTN2iqBQOBeJj5nFztZl3tDgFDEaaWTY8w5HNEzJtH3PkFbCGN8DWVXE1oFBZ7WkKQ9O7fXUFa7K5LYpx+kN/PPfIpYB9WY4YtrB5qdkknkbSiWa/HT3dafgLZQeIUzI/oGcHOVPNr5oWNKRavPLE9gdeXwrz+I0MGmcffjnoZMvv0qwsjALW6Jv3+XNNjdW8G61/L3k51B7+1Bgveop0fQ2udsv1D87a59Vg5DhNG0EpwmHMiz2PLWSXfx/+peyA==</OrderData>
    </DataTransfer>
    <ReturnCode authenticate="true">000000</ReturnCode>
    <TimestampBankParameter authenticate="true">2023-11-30T08:38:11.8835379Z</TimestampBankParameter>
  </body>
</ebicsResponse>
